<?xml version="1.0" encoding="UTF-8"?>
<testsuite xmlns:xsi="http://www.w3.org/2001/XMLSchema-instance" xsi:noNamespaceSchemaLocation="https://maven.apache.org/surefire/maven-surefire-plugin/xsd/surefire-test-report.xsd" version="3.0.2" name="com.restAPI.departmentAPI.DepartmentApiApplicationTests" time="3.343" tests="1" errors="0" skipped="0" failures="0">
  <properties>
[...]
</properties>
  <testcase name="contextLoads" classname="com.restAPI.departmentAPI.DepartmentApiApplicationTests" time="0.463">
    <system-out><![CDATA[17:48:15.416 [main] INFO org.springframework.test.context.support.AnnotationConfigContextLoaderUtils -- Could not detect default configuration classes for test class [com.restAPI.departmentAPI.DepartmentApiApplicationTests]: DepartmentApiApplicationTests does not declare any static, non-private, non-final, nested classes annotated with @Configuration.
17:48:15.512 [main] INFO org.springframework.boot.test.context.SpringBootTestContextBootstrapper -- Found @SpringBootConfiguration com.restAPI.departmentAPI.DepartmentApiApplication for test class com.restAPI.departmentAPI.DepartmentApiApplicationTests
17:48:15.640 [main] INFO org.springframework.boot.devtools.restart.RestartApplicationListener -- Restart disabled due to context in which it is running

  .   ____          _            __ _ _
 /\\ / ___'_ __ _ _(_)_ __  __ _ \ \ \ \
( ( )\___ | '_ | '_| | '_ \/ _` | \ \ \ \
 \\/  ___)| |_)| | | | | || (_| |  ) ) ) )
  '  |____| .__|_| |_|_| |_\__, | / / / /
 =========|_|==============|___/=/_/_/_/

 :: Spring Boot ::                (v3.4.0)

2024-12-02T17:48:15.896+05:30  INFO 22468 --- [departmentAPI] [           main] c.r.d.DepartmentApiApplicationTests      : Starting DepartmentApiApplicationTests using Java 22.0.2 with PID 22468 (started by Arvind K in D:\departmentAPI\departmentAPI)
2024-12-02T17:48:15.897+05:30  INFO 22468 --- [departmentAPI] [           main] c.r.d.DepartmentApiApplicationTests      : No active profile set, falling back to 1 default profile: "default"
2024-12-02T17:48:16.345+05:30  INFO 22468 --- [departmentAPI] [           main] .s.d.r.c.RepositoryConfigurationDelegate : Bootstrapping Spring Data JPA repositories in DEFAULT mode.
2024-12-02T17:48:16.361+05:30  INFO 22468 --- [departmentAPI] [           main] .s.d.r.c.RepositoryConfigurationDelegate : Finished Spring Data repository scanning in 8 ms. Found 0 JPA repository interfaces.
2024-12-02T17:48:16.680+05:30  INFO 22468 --- [departmentAPI] [           main] o.hibernate.jpa.internal.util.LogHelper  : HHH000204: Processing PersistenceUnitInfo [name: default]
2024-12-02T17:48:16.727+05:30  INFO 22468 --- [departmentAPI] [           main] org.hibernate.Version                    : HHH000412: Hibernate ORM core version 6.6.2.Final
2024-12-02T17:48:16.747+05:30  INFO 22468 --- [departmentAPI] [           main] o.h.c.internal.RegionFactoryInitiator    : HHH000026: Second-level cache disabled
2024-12-02T17:48:16.949+05:30  INFO 22468 --- [departmentAPI] [           main] o.s.o.j.p.SpringPersistenceUnitInfo      : No LoadTimeWeaver setup: ignoring JPA class transformer
2024-12-02T17:48:16.969+05:30  INFO 22468 --- [departmentAPI] [           main] com.zaxxer.hikari.HikariDataSource       : HikariPool-1 - Starting...
2024-12-02T17:48:17.229+05:30  INFO 22468 --- [departmentAPI] [           main] com.zaxxer.hikari.pool.HikariPool        : HikariPool-1 - Added connection com.mysql.cj.jdbc.ConnectionImpl@6630dd28
2024-12-02T17:48:17.230+05:30  INFO 22468 --- [departmentAPI] [           main] com.zaxxer.hikari.HikariDataSource       : HikariPool-1 - Start completed.
2024-12-02T17:48:17.286+05:30  INFO 22468 --- [departmentAPI] [           main] org.hibernate.orm.connections.pooling    : HHH10001005: Database info:
	Database JDBC URL [Connecting through datasource 'HikariDataSource (HikariPool-1)']
	Database driver: undefined/unknown
	Database version: 8.0.39
	Autocommit mode: undefined/unknown
	Isolation level: undefined/unknown
	Minimum pool size: undefined/unknown
	Maximum pool size: undefined/unknown
2024-12-02T17:48:17.505+05:30  INFO 22468 --- [departmentAPI] [           main] o.h.e.t.j.p.i.JtaPlatformInitiator       : HHH000489: No JTA platform available (set 'hibernate.transaction.jta.platform' to enable JTA platform integration)
2024-12-02T17:48:17.508+05:30  INFO 22468 --- [departmentAPI] [           main] j.LocalContainerEntityManagerFactoryBean : Initialized JPA EntityManagerFactory for persistence unit 'default'
2024-12-02T17:48:17.642+05:30  WARN 22468 --- [departmentAPI] [           main] JpaBaseConfiguration$JpaWebConfiguration : spring.jpa.open-in-view is enabled by default. Therefore, database queries may be performed during view rendering. Explicitly configure spring.jpa.open-in-view to disable this warning
2024-12-02T17:48:18.148+05:30  INFO 22468 --- [departmentAPI] [           main] c.r.d.DepartmentApiApplicationTests      : Started DepartmentApiApplicationTests in 2.516 seconds (process running for 3.311)
]]></system-out>
    <system-err><![CDATA[Mockito is currently self-attaching to enable the inline-mock-maker. This will no longer work in future releases of the JDK. Please add Mockito as an agent to your build what is described in Mockito's documentation: https://javadoc.io/doc/org.mockito/mockito-core/latest/org/mockito/Mockito.html#0.3
WARNING: A Java agent has been loaded dynamically (C:\Users\Arvind K\.m2\repository\net\bytebuddy\byte-buddy-agent\1.15.10\byte-buddy-agent-1.15.10.jar)
WARNING: If a serviceability tool is in use, please run with -XX:+EnableDynamicAgentLoading to hide this warning
WARNING: If a serviceability tool is not in use, please run with -Djdk.instrument.traceUsage for more information
WARNING: Dynamic loading of agents will be disallowed by default in a future release
]]></system-err>
  </testcase>
</testsuite>